<?xml version="1.0" encoding="UTF-8"?>
<testng-results ignored="0" total="1" passed="1" failed="0" skipped="0">
  <reporter-output>
  </reporter-output>
  <suite started-at="2023-07-21T08:01:47Z" name="Default suite" finished-at="2023-07-21T08:01:50Z" duration-ms="3815">
    <groups>
    </groups>
    <test started-at="2023-07-21T08:01:47Z" name="Default test" finished-at="2023-07-21T08:01:50Z" duration-ms="3815">
      <class name="apiTest.EndToEndTest">
        <test-method signature="testCases()[pri:0, instance:apiTest.EndToEndTest@69e153c5]" started-at="2023-07-21T08:01:47Z" name="testCases" finished-at="2023-07-21T08:01:50Z" duration-ms="3785" status="PASS">
          <reporter-output>
          </reporter-output>
        </test-method> <!-- testCases -->
      </class> <!-- apiTest.EndToEndTest -->
    </test> <!-- Default test -->
  </suite> <!-- Default suite -->
</testng-results>
